<?xml version="1.0" encoding="UTF-8"?>
<testsuite name="TestSuite" time="83.883" tests="31" errors="0" skipped="1" failures="2">
  <properties>
    <property name="java.runtime.name" value="Java(TM) SE Runtime Environment"/>
    <property name="sun.boot.library.path" value="C:\Program Files\Java\jdk1.8.0_40\jre\bin"/>
    <property name="java.vm.version" value="25.40-b25"/>
    <property name="java.vm.vendor" value="Oracle Corporation"/>
    <property name="java.vendor.url" value="http://java.oracle.com/"/>
    <property name="path.separator" value=";"/>
    <property name="guice.disable.misplaced.annotation.check" value="true"/>
    <property name="java.vm.name" value="Java HotSpot(TM) 64-Bit Server VM"/>
    <property name="file.encoding.pkg" value="sun.io"/>
    <property name="user.script" value=""/>
    <property name="user.country" value="US"/>
    <property name="sun.java.launcher" value="SUN_STANDARD"/>
    <property name="sun.os.patch.level" value="Service Pack 1"/>
    <property name="java.vm.specification.name" value="Java Virtual Machine Specification"/>
    <property name="user.dir" value="C:\Users\sachin.mathur\workspace\NewDigitalLibrary"/>
    <property name="java.runtime.version" value="1.8.0_40-b25"/>
    <property name="java.awt.graphicsenv" value="sun.awt.Win32GraphicsEnvironment"/>
    <property name="java.endorsed.dirs" value="C:\Program Files\Java\jdk1.8.0_40\jre\lib\endorsed"/>
    <property name="os.arch" value="amd64"/>
    <property name="java.io.tmpdir" value="C:\Users\SACHIN~1.MAT\AppData\Local\Temp\"/>
    <property name="line.separator" value="&#10;"/>
    <property name="java.vm.specification.vendor" value="Oracle Corporation"/>
    <property name="user.variant" value=""/>
    <property name="os.name" value="Windows 7"/>
    <property name="classworlds.conf" value="C:\Users\sachin.mathur\workspace\.metadata\.plugins\org.eclipse.m2e.launching\launches\m2conf4126225976847785214.tmp"/>
    <property name="sun.jnu.encoding" value="Cp1252"/>
    <property name="java.library.path" value="C:\Program Files\Java\jdk1.8.0_40\bin;C:\windows\Sun\Java\bin;C:\windows\system32;C:\windows;C:/Program Files/Java/jre1.8.0_51/bin/server;C:/Program Files/Java/jre1.8.0_51/bin;C:/Program Files/Java/jre1.8.0_51/lib/amd64;C:\ProgramData\Oracle\Java\javapath;C:\windows\system32;C:\windows;C:\windows\System32\Wbem;C:\windows\System32\WindowsPowerShell\v1.0\;C:\Program Files\TortoiseSVN\bin;C:\Progra~1\apache-ant-1.9.4-bin\apache-ant-1.9.4\bin;C:\Progra~1\Java\jdk1.8.0_40\jre\bin;C:\Progra~1\apache-ant-1.9.4-bin\apache-ant-1.9.4\\bin ;D:\Sachin\Automation\apache-maven-3.3.3\bin ;C:\Users\sachin.mathur\AppData\Local\Android\android-sdk\tools;C:\Users\sachin.mathur\AppData\Local\Android\android-sdk\platform-tools;C:\Users\sachin.mathur\AppData\Local\Android\sdk;D:\Sachin\Automation\apache-maven-3.3.3\bin;C:\Progra~1\Java\jdk1.8.0_40\bin;D:\Sachin\Automation\eclipse-jee-luna-SR2-win32-x86_64\eclipse;;."/>
    <property name="java.specification.name" value="Java Platform API Specification"/>
    <property name="java.class.version" value="52.0"/>
    <property name="sun.management.compiler" value="HotSpot 64-Bit Tiered Compilers"/>
    <property name="os.version" value="6.1"/>
    <property name="user.home" value="C:\Users\sachin.mathur"/>
    <property name="user.timezone" value="Asia/Calcutta"/>
    <property name="java.awt.printerjob" value="sun.awt.windows.WPrinterJob"/>
    <property name="java.specification.version" value="1.8"/>
    <property name="file.encoding" value="Cp1252"/>
    <property name="user.name" value="Sachin.Mathur"/>
    <property name="java.class.path" value="/D:/Sachin/Automation/eclipse-jee-luna-SR2-win32-x86_64/eclipse/plugins/org.eclipse.m2e.maven.runtime_1.5.2.20150413-2214/jars/plexus-classworlds-2.5.1.jar"/>
    <property name="org.slf4j.simpleLogger.defaultLogLevel" value="info"/>
    <property name="java.vm.specification.version" value="1.8"/>
    <property name="sun.arch.data.model" value="64"/>
    <property name="java.home" value="C:\Program Files\Java\jdk1.8.0_40\jre"/>
    <property name="sun.java.command" value="org.codehaus.plexus.classworlds.launcher.Launcher -B clean install"/>
    <property name="java.specification.vendor" value="Oracle Corporation"/>
    <property name="user.language" value="en"/>
    <property name="awt.toolkit" value="sun.awt.windows.WToolkit"/>
    <property name="java.vm.info" value="mixed mode"/>
    <property name="java.version" value="1.8.0_40"/>
    <property name="java.ext.dirs" value="C:\Program Files\Java\jdk1.8.0_40\jre\lib\ext;C:\windows\Sun\Java\lib\ext"/>
    <property name="sun.boot.class.path" value="C:\Program Files\Java\jdk1.8.0_40\jre\lib\resources.jar;C:\Program Files\Java\jdk1.8.0_40\jre\lib\rt.jar;C:\Program Files\Java\jdk1.8.0_40\jre\lib\sunrsasign.jar;C:\Program Files\Java\jdk1.8.0_40\jre\lib\jsse.jar;C:\Program Files\Java\jdk1.8.0_40\jre\lib\jce.jar;C:\Program Files\Java\jdk1.8.0_40\jre\lib\charsets.jar;C:\Program Files\Java\jdk1.8.0_40\jre\lib\jfr.jar;C:\Program Files\Java\jdk1.8.0_40\jre\classes"/>
    <property name="java.vendor" value="Oracle Corporation"/>
    <property name="maven.home" value="C:\Users\sachin.mathur\workspace\NewDigitalLibrary\EMBEDDED"/>
    <property name="file.separator" value="\"/>
    <property name="java.vendor.url.bug" value="http://bugreport.sun.com/bugreport/"/>
    <property name="sun.cpu.endian" value="little"/>
    <property name="sun.io.unicode.encoding" value="UnicodeLittle"/>
    <property name="sun.desktop" value="windows"/>
    <property name="sun.cpu.isalist" value="amd64"/>
  </properties>
  <testcase name="testverifyUIOfLoginPage" classname="test.java.LoginPageTest" time="0.87">
    <failure message="expected [false] but found [true]" type="java.lang.AssertionError">java.lang.AssertionError: expected [false] but found [true]
	at org.testng.Assert.fail(Assert.java:94)
	at org.testng.Assert.failNotEquals(Assert.java:496)
	at org.testng.Assert.assertFalse(Assert.java:63)
	at org.testng.Assert.assertFalse(Assert.java:73)
	at test.java.LoginPageTest.testverifyUIOfLoginPage(LoginPageTest.java:55)
</failure>
  </testcase>
  <testcase name="testForgetUserNamePasswordLink" classname="test.java.LoginPageTest" time="0">
    <skipped/>
  </testcase>
  <testcase name="testLogin" classname="test.java.LoginPageTest" time="23.03"/>
  <testcase name="testVerifyUIOfCompleteLibraryPage" classname="test.java.CompleteLibraryTest" time="0.452"/>
  <testcase name="testSearchByContents" classname="test.java.CompleteLibraryTest" time="6.737"/>
  <testcase name="testSearchByContents" classname="test.java.CompleteLibraryTest" time="2.932"/>
  <testcase name="testSearchByContents" classname="test.java.CompleteLibraryTest" time="4.186"/>
  <testcase name="testverifyAlleTextPagesStack" classname="test.java.SearchResultsTest" time="0.764"/>
  <testcase name="testSearchByeText" classname="test.java.CompleteLibraryTest" time="2.085"/>
  <testcase name="testSearchByeText" classname="test.java.CompleteLibraryTest" time="1.976"/>
  <testcase name="testSearchByeText" classname="test.java.CompleteLibraryTest" time="2.299"/>
  <testcase name="testverifyAlleTextStack" classname="test.java.SearchResultsTest" time="0.32"/>
  <testcase name="testSearchMyNotes" classname="test.java.CompleteLibraryTest" time="3.784"/>
  <testcase name="testSearchMyNotes" classname="test.java.CompleteLibraryTest" time="3.758"/>
  <testcase name="testSearchMyNotes" classname="test.java.CompleteLibraryTest" time="2.882">
    <failure message="expected [true] but found [false]" type="java.lang.AssertionError">java.lang.AssertionError: expected [true] but found [false]
	at org.testng.Assert.fail(Assert.java:94)
	at org.testng.Assert.failNotEquals(Assert.java:496)
	at org.testng.Assert.assertTrue(Assert.java:42)
	at org.testng.Assert.assertTrue(Assert.java:52)
	at test.java.CompleteLibraryTest.testSearchMyNotes(CompleteLibraryTest.java:106)
</failure>
  </testcase>
  <testcase name="testverifyAlleTextNotesStack" classname="test.java.SearchResultsTest" time="0.599"/>
  <testcase name="testNavigateToSavedSearchesPage" classname="test.java.SavedSearchesTest" time="0.967"/>
  <testcase name="testClickOnSavedContentSearchTerm" classname="test.java.SavedSearchesTest" time="2.804"/>
  <testcase name="testClickOnSavedeTextSearchTerm" classname="test.java.SavedSearchesTest" time="1.216"/>
  <testcase name="testClickOnSavedNoteSearchTerm" classname="test.java.SavedSearchesTest" time="1.399"/>
  <testcase name="testDeleteSavedContentSearchTerm" classname="test.java.SavedSearchesTest" time="7.746"/>
  <testcase name="testDeleteSavedeTextSearchTerm" classname="test.java.SavedSearchesTest" time="7.126"/>
  <testcase name="testDeleteSavedNoteSearchTerm" classname="test.java.SavedSearchesTest" time="7.09"/>
  <testcase name="testSignOut" classname="test.java.SignOutTest" time="2.118"/>
  <testcase name="testclickSearchAndBrowseLibraryLink" classname="test.java.LoginPageTest" time="5.107"/>
  <testcase name="testVerifyOptionsInDropdown" classname="test.java.SearchAndBrowseLibraryTest" time="0.273"/>
  <testcase name="testVerifyBooksPresentInAlleTextStack" classname="test.java.SearchAndBrowseLibraryTest" time="1.61"/>
  <testcase name="testVerifyUIOfMoreInfoPopUpUnknownUser" classname="test.java.SearchAndBrowseLibraryTest" time="2.247"/>
  <testcase name="testVerifyOptionsInPreviewChapterDropdown" classname="test.java.SearchAndBrowseLibraryTest" time="0.319"/>
  <testcase name="testLaunchChapterPreview" classname="test.java.SearchAndBrowseLibraryTest" time="4.72"/>
  <testcase name="testVerifyUIOfChapterPreview" classname="test.java.SearchAndBrowseLibraryTest" time="0.5"/>
</testsuite>