<?xml version="1.0" encoding="UTF-8"?>
<!-- Generated by org.testng.reporters.JUnitReportReporter -->
<testsuite hostname="DS-38607723D16D" name="test.java.CompleteLibraryTest" tests="10" failures="0" timestamp="5 Aug 2015 08:02:35 GMT" time="39.819" errors="0">
  <testcase name="testSearchMyNotes" time="5.229" classname="test.java.CompleteLibraryTest"/>
  <testcase name="testSearchMyNotes" time="4.462" classname="test.java.CompleteLibraryTest"/>
  <testcase name="testSearchByeText" time="2.512" classname="test.java.CompleteLibraryTest"/>
  <testcase name="testSearchByContents" time="4.372" classname="test.java.CompleteLibraryTest"/>
  <testcase name="testSearchByeText" time="2.828" classname="test.java.CompleteLibraryTest"/>
  <testcase name="testVerifyUIOfCompleteLibraryPage" time="0.670" classname="test.java.CompleteLibraryTest"/>
  <testcase name="testSearchMyNotes" time="3.714" classname="test.java.CompleteLibraryTest"/>
  <testcase name="testSearchByContents" time="6.227" classname="test.java.CompleteLibraryTest"/>
  <testcase name="testSearchByContents" time="3.884" classname="test.java.CompleteLibraryTest"/>
  <testcase name="testSearchByeText" time="5.921" classname="test.java.CompleteLibraryTest"/>
</testsuite> <!-- test.java.CompleteLibraryTest -->
