<?xml version="1.0" encoding="UTF-8"?>
<!-- Generated by org.testng.reporters.JUnitReportReporter -->
<testsuite hostname="DS-38607723D16D" name="test.MyTests" tests="1" failures="0" timestamp="1 May 2015 05:14:24 GMT" time="19.134" errors="0">
  <testcase name="testLogin" time="19.134" classname="test.MyTests"/>
</testsuite> <!-- test.MyTests -->
