<?xml version="1.0" encoding="UTF-8"?>
<!-- Generated by org.testng.reporters.JUnitReportReporter -->
<testsuite hostname="DS-38607723D16D" name="myDigitalLibrary.NewTest" tests="1" failures="0" timestamp="23 Apr 2015 12:58:18 GMT" time="0.015" errors="0">
  <testcase name="f" time="0.015" classname="myDigitalLibrary.NewTest"/>
</testsuite> <!-- myDigitalLibrary.NewTest -->
