<?xml version="1.0" encoding="UTF-8"?>
<!-- Generated by org.testng.reporters.JUnitReportReporter -->
<testsuite hostname="DS-38607723D16D" name="test.java.SearchResultsTest" tests="3" failures="0" timestamp="31 Jul 2015 09:11:17 GMT" time="0.686" errors="0">
  <testcase name="testverifyAlleTextPagesStack" time="0.266" classname="test.java.SearchResultsTest"/>
  <testcase name="testverifyAlleTextStack" time="0.187" classname="test.java.SearchResultsTest"/>
  <testcase name="testverifyAlleTextNotesStack" time="0.233" classname="test.java.SearchResultsTest"/>
</testsuite> <!-- test.java.SearchResultsTest -->
