<?xml version="1.0" encoding="UTF-8"?>
<!-- Generated by org.testng.reporters.JUnitReportReporter -->
<testsuite hostname="DS-38607723D16D" name="test.java.LoginPageTest" tests="4" failures="0" timestamp="4 Aug 2015 11:54:03 GMT" time="57.328" errors="0">
  <testcase name="testForgetUserNamePasswordLink" time="4.882" classname="test.java.LoginPageTest"/>
  <testcase name="testverifyUIOfLoginPage" time="0.822" classname="test.java.LoginPageTest"/>
  <testcase name="testLogin" time="41.441" classname="test.java.LoginPageTest"/>
  <testcase name="testclickSearchAndBrowseLibraryLink" time="10.183" classname="test.java.LoginPageTest"/>
</testsuite> <!-- test.java.LoginPageTest -->
