<?xml version="1.0" encoding="UTF-8"?>
<!-- Generated by org.testng.reporters.JUnitReportReporter -->
<testsuite hostname="DS-38607723D16D" name="test.java.SearchResultsTest" tests="3" failures="0" timestamp="5 Aug 2015 08:02:35 GMT" time="0.874" errors="0">
  <testcase name="testverifyAlleTextStack" time="0.235" classname="test.java.SearchResultsTest"/>
  <testcase name="testverifyAlleTextNotesStack" time="0.389" classname="test.java.SearchResultsTest"/>
  <testcase name="testverifyAlleTextPagesStack" time="0.250" classname="test.java.SearchResultsTest"/>
</testsuite> <!-- test.java.SearchResultsTest -->
