<?xml version="1.0" encoding="UTF-8"?>
<!-- Generated by org.testng.reporters.JUnitReportReporter -->
<testsuite hostname="DS-38607723D16D" name="test.java.LoginPageTest" tests="4" failures="0" timestamp="5 Aug 2015 08:02:35 GMT" time="23.819" errors="0">
  <testcase name="testForgetUserNamePasswordLink" time="0.296" classname="test.java.LoginPageTest"/>
  <testcase name="testverifyUIOfLoginPage" time="0.671" classname="test.java.LoginPageTest"/>
  <testcase name="testLogin" time="18.664" classname="test.java.LoginPageTest"/>
  <testcase name="testclickSearchAndBrowseLibraryLink" time="4.188" classname="test.java.LoginPageTest"/>
</testsuite> <!-- test.java.LoginPageTest -->
