<?xml version="1.0" encoding="UTF-8"?>
<!-- Generated by org.testng.reporters.JUnitReportReporter -->
<testsuite hostname="DS-38607723D16D" name="sac.dl.test.SearchResultsTest" tests="3" failures="0" timestamp="18 Jun 2015 13:04:43 GMT" time="1.468" errors="0">
  <testcase name="testverifyAlleTextNotesStack" time="0.522" classname="sac.dl.test.SearchResultsTest"/>
  <testcase name="testverifyAlleTextStack" time="0.450" classname="sac.dl.test.SearchResultsTest"/>
  <testcase name="testverifyAlleTextPagesStack" time="0.496" classname="sac.dl.test.SearchResultsTest"/>
</testsuite> <!-- sac.dl.test.SearchResultsTest -->
