<?xml version="1.0" encoding="UTF-8"?>
<!-- Generated by org.testng.reporters.JUnitReportReporter -->
<testsuite hostname="DS-38607723D16D" name="test.java.LoginPageTest" tests="4" failures="0" timestamp="4 Aug 2015 11:20:52 GMT" time="70.087" errors="0">
  <testcase name="testverifyUIOfLoginPage" time="7.803" classname="test.java.LoginPageTest"/>
  <testcase name="testLogin" time="53.053" classname="test.java.LoginPageTest"/>
  <testcase name="testclickSearchAndBrowseLibraryLink" time="8.214" classname="test.java.LoginPageTest"/>
  <testcase name="testForgetUserNamePasswordLink" time="1.017" classname="test.java.LoginPageTest"/>
</testsuite> <!-- test.java.LoginPageTest -->
