<?xml version="1.0" encoding="UTF-8"?>
<!-- Generated by org.testng.reporters.JUnitReportReporter -->
<testsuite hostname="DS-38607723D16D" name="sac.dl.test.SignOutTest" tests="1" failures="0" timestamp="18 Jun 2015 13:04:43 GMT" time="2.611" errors="0">
  <testcase name="testSignOut" time="2.611" classname="sac.dl.test.SignOutTest"/>
</testsuite> <!-- sac.dl.test.SignOutTest -->
