<?xml version="1.0" encoding="UTF-8"?>
<!-- Generated by org.testng.reporters.JUnitReportReporter -->
<testsuite hostname="DS-38607723D16D" name="sac.dl.test.LoginTest" tests="2" failures="0" timestamp="18 Jun 2015 13:04:43 GMT" time="19.584" errors="0">
  <testcase name="testverifyUIOfLoginPage" time="1.367" classname="sac.dl.test.LoginTest"/>
  <testcase name="testLogin" time="18.217" classname="sac.dl.test.LoginTest"/>
</testsuite> <!-- sac.dl.test.LoginTest -->
