<?xml version="1.0" encoding="UTF-8"?>
<!-- Generated by org.testng.reporters.JUnitReportReporter -->
<testsuite hostname="DS-38607723D16D" name="test.java.SearchResultsTest" tests="3" failures="0" timestamp="4 Aug 2015 11:54:03 GMT" time="4.933" errors="0">
  <testcase name="testverifyAlleTextPagesStack" time="1.856" classname="test.java.SearchResultsTest"/>
  <testcase name="testverifyAlleTextNotesStack" time="2.870" classname="test.java.SearchResultsTest"/>
  <testcase name="testverifyAlleTextStack" time="0.207" classname="test.java.SearchResultsTest"/>
</testsuite> <!-- test.java.SearchResultsTest -->
