<?xml version="1.0" encoding="UTF-8"?>
<!-- Generated by org.testng.reporters.JUnitReportReporter -->
<testsuite hostname="DS-38607723D16D" name="test.java.LoginTest" tests="2" failures="0" timestamp="19 Jun 2015 12:07:33 GMT" time="20.141" errors="0">
  <testcase name="testverifyUIOfLoginPage" time="0.851" classname="test.java.LoginTest"/>
  <testcase name="testLogin" time="19.290" classname="test.java.LoginTest"/>
</testsuite> <!-- test.java.LoginTest -->
