<?xml version="1.0" encoding="UTF-8"?>
<!-- Generated by org.testng.reporters.JUnitReportReporter -->
<testsuite hostname="DS-38607723D16D" name="test.java.SignOutTest" tests="1" failures="0" timestamp="4 Aug 2015 10:38:10 GMT" time="2.465" errors="0">
  <testcase name="testSignOut" time="2.465" classname="test.java.SignOutTest"/>
</testsuite> <!-- test.java.SignOutTest -->
