<?xml version="1.0" encoding="UTF-8"?>
<!-- Generated by org.testng.reporters.JUnitReportReporter -->
<testsuite hostname="DS-38607723D16D" name="test.java.LoginPageTest" tests="4" failures="0" timestamp="5 Aug 2015 11:05:54 GMT" time="95.768" errors="0">
  <testcase name="testForgetUserNamePasswordLink" time="0.349" classname="test.java.LoginPageTest"/>
  <testcase name="testverifyUIOfLoginPage" time="1.729" classname="test.java.LoginPageTest"/>
  <testcase name="testclickSearchAndBrowseLibraryLink" time="6.634" classname="test.java.LoginPageTest"/>
  <testcase name="testLogin" time="87.056" classname="test.java.LoginPageTest"/>
</testsuite> <!-- test.java.LoginPageTest -->
