<?xml version="1.0" encoding="UTF-8"?>
<!-- Generated by org.testng.reporters.JUnitReportReporter -->
<testsuite hostname="DS-38607723D16D" name="test.java.SignOutTest" tests="1" failures="0" timestamp="31 Jul 2015 09:11:17 GMT" time="1.827" errors="0">
  <testcase name="testSignOut" time="1.827" classname="test.java.SignOutTest"/>
</testsuite> <!-- test.java.SignOutTest -->
