<?xml version="1.0" encoding="UTF-8"?>
<!-- Generated by org.testng.reporters.JUnitReportReporter -->
<testsuite hostname="DS-38607723D16D" name="test.java.SearchResultsTest" tests="3" failures="0" timestamp="5 Aug 2015 11:05:54 GMT" time="2.482" errors="0">
  <testcase name="testverifyAlleTextStack" time="0.832" classname="test.java.SearchResultsTest"/>
  <testcase name="testverifyAlleTextPagesStack" time="0.799" classname="test.java.SearchResultsTest"/>
  <testcase name="testverifyAlleTextNotesStack" time="0.851" classname="test.java.SearchResultsTest"/>
</testsuite> <!-- test.java.SearchResultsTest -->
