<?xml version="1.0" encoding="UTF-8"?>
<!-- Generated by org.testng.reporters.JUnitReportReporter -->
<testsuite hostname="DS-38607723D16D" name="test.java.CompleteLibraryTest" tests="10" failures="0" timestamp="4 Aug 2015 11:54:03 GMT" time="65.618" errors="0">
  <testcase name="testSearchByeText" time="4.903" classname="test.java.CompleteLibraryTest"/>
  <testcase name="testSearchByContents" time="17.268" classname="test.java.CompleteLibraryTest"/>
  <testcase name="testSearchMyNotes" time="5.106" classname="test.java.CompleteLibraryTest"/>
  <testcase name="testSearchByeText" time="4.079" classname="test.java.CompleteLibraryTest"/>
  <testcase name="testSearchMyNotes" time="6.527" classname="test.java.CompleteLibraryTest"/>
  <testcase name="testSearchByContents" time="6.163" classname="test.java.CompleteLibraryTest"/>
  <testcase name="testSearchMyNotes" time="6.646" classname="test.java.CompleteLibraryTest"/>
  <testcase name="testVerifyUIOfCompleteLibraryPage" time="0.328" classname="test.java.CompleteLibraryTest"/>
  <testcase name="testSearchByeText" time="4.698" classname="test.java.CompleteLibraryTest"/>
  <testcase name="testSearchByContents" time="9.900" classname="test.java.CompleteLibraryTest"/>
</testsuite> <!-- test.java.CompleteLibraryTest -->
