<?xml version="1.0" encoding="UTF-8"?>
<!-- Generated by org.testng.reporters.JUnitReportReporter -->
<testsuite hostname="DS-38607723D16D" name="test.java.SearchResultsTest" tests="3" failures="0" timestamp="4 Aug 2015 11:20:52 GMT" time="0.774" errors="0">
  <testcase name="testverifyAlleTextNotesStack" time="0.131" classname="test.java.SearchResultsTest"/>
  <testcase name="testverifyAlleTextPagesStack" time="0.526" classname="test.java.SearchResultsTest"/>
  <testcase name="testverifyAlleTextStack" time="0.117" classname="test.java.SearchResultsTest"/>
</testsuite> <!-- test.java.SearchResultsTest -->
