<?xml version="1.0" encoding="UTF-8"?>
<!-- Generated by org.testng.reporters.JUnitReportReporter -->
<testsuite hostname="DS-38607723D16D" name="test.java.CompleteLibraryTest" tests="10" failures="0" timestamp="5 Aug 2015 11:05:54 GMT" time="81.715" errors="0">
  <testcase name="testSearchMyNotes" time="11.683" classname="test.java.CompleteLibraryTest"/>
  <testcase name="testSearchMyNotes" time="10.567" classname="test.java.CompleteLibraryTest"/>
  <testcase name="testSearchByContents" time="7.673" classname="test.java.CompleteLibraryTest"/>
  <testcase name="testSearchByContents" time="7.378" classname="test.java.CompleteLibraryTest"/>
  <testcase name="testSearchByeText" time="6.521" classname="test.java.CompleteLibraryTest"/>
  <testcase name="testSearchByeText" time="10.800" classname="test.java.CompleteLibraryTest"/>
  <testcase name="testSearchByeText" time="7.073" classname="test.java.CompleteLibraryTest"/>
  <testcase name="testSearchMyNotes" time="10.913" classname="test.java.CompleteLibraryTest"/>
  <testcase name="testSearchByContents" time="7.707" classname="test.java.CompleteLibraryTest"/>
  <testcase name="testVerifyUIOfCompleteLibraryPage" time="1.400" classname="test.java.CompleteLibraryTest"/>
</testsuite> <!-- test.java.CompleteLibraryTest -->
