<?xml version="1.0" encoding="UTF-8"?>
<!-- Generated by org.testng.reporters.JUnitReportReporter -->
<testsuite hostname="DS-38607723D16D" name="test.java.SearchResultsTest" tests="3" failures="0" timestamp="4 Aug 2015 10:38:10 GMT" time="1.662" errors="0">
  <testcase name="testverifyAlleTextStack" time="0.191" classname="test.java.SearchResultsTest"/>
  <testcase name="testverifyAlleTextPagesStack" time="0.536" classname="test.java.SearchResultsTest"/>
  <testcase name="testverifyAlleTextNotesStack" time="0.935" classname="test.java.SearchResultsTest"/>
</testsuite> <!-- test.java.SearchResultsTest -->
