<?xml version="1.0" encoding="UTF-8"?>
<!-- Generated by org.testng.reporters.JUnitReportReporter -->
<testsuite hostname="DS-38607723D16D" name="test.java.SavedSearchesTest" tests="7" failures="0" timestamp="31 Jul 2015 07:16:09 GMT" time="28.574" errors="0">
  <testcase name="testDeleteSavedNoteSearchTerm" time="6.961" classname="test.java.SavedSearchesTest"/>
  <testcase name="testClickOnSavedNoteSearchTerm" time="1.265" classname="test.java.SavedSearchesTest"/>
  <testcase name="testNavigateToSavedSearchesPage" time="0.843" classname="test.java.SavedSearchesTest"/>
  <testcase name="testDeleteSavedeTextSearchTerm" time="7.001" classname="test.java.SavedSearchesTest"/>
  <testcase name="testDeleteSavedContentSearchTerm" time="7.609" classname="test.java.SavedSearchesTest"/>
  <testcase name="testClickOnSavedContentSearchTerm" time="2.671" classname="test.java.SavedSearchesTest"/>
  <testcase name="testClickOnSavedeTextSearchTerm" time="2.224" classname="test.java.SavedSearchesTest"/>
</testsuite> <!-- test.java.SavedSearchesTest -->
