<?xml version="1.0" encoding="UTF-8"?>
<!-- Generated by org.testng.reporters.JUnitReportReporter -->
<testsuite hostname="DS-38607723D16D" name="test.java.LoginPageTest" tests="4" failures="0" timestamp="20 Aug 2015 10:03:34 GMT" time="66.540" errors="0">
  <testcase name="testverifyUIOfLoginPage" time="6.662" classname="test.java.LoginPageTest"/>
  <testcase name="testclickSearchAndBrowseLibraryLink" time="14.286" classname="test.java.LoginPageTest"/>
  <testcase name="testLogin" time="44.652" classname="test.java.LoginPageTest"/>
  <testcase name="testForgetUserNamePasswordLink" time="0.940" classname="test.java.LoginPageTest"/>
</testsuite> <!-- test.java.LoginPageTest -->
