<?xml version="1.0" encoding="UTF-8"?>
<!-- Generated by org.testng.reporters.JUnitReportReporter -->
<testsuite hostname="DS-38607723D16D" name="test.java.SearchResultsTest" tests="3" failures="0" timestamp="31 Jul 2015 11:04:17 GMT" time="2.925" errors="0">
  <testcase name="testverifyAlleTextNotesStack" time="2.183" classname="test.java.SearchResultsTest"/>
  <testcase name="testverifyAlleTextStack" time="0.211" classname="test.java.SearchResultsTest"/>
  <testcase name="testverifyAlleTextPagesStack" time="0.531" classname="test.java.SearchResultsTest"/>
</testsuite> <!-- test.java.SearchResultsTest -->
