<?xml version="1.0" encoding="UTF-8"?>
<!-- Generated by org.testng.reporters.JUnitReportReporter -->
<testsuite hostname="DS-38607723D16D" name="test.java.SearchResultsTest" tests="3" failures="0" timestamp="5 Aug 2015 11:18:21 GMT" time="4.177" errors="0">
  <testcase name="testverifyAlleTextNotesStack" time="2.032" classname="test.java.SearchResultsTest"/>
  <testcase name="testverifyAlleTextPagesStack" time="0.911" classname="test.java.SearchResultsTest"/>
  <testcase name="testverifyAlleTextStack" time="1.234" classname="test.java.SearchResultsTest"/>
</testsuite> <!-- test.java.SearchResultsTest -->
