<?xml version="1.0" encoding="UTF-8"?>
<!-- Generated by org.testng.reporters.JUnitReportReporter -->
<testsuite hostname="DS-38607723D16D" name="test.java.LoginPageTest" tests="4" failures="0" timestamp="5 Aug 2015 08:50:09 GMT" time="24.151" errors="0">
  <testcase name="testverifyUIOfLoginPage" time="0.698" classname="test.java.LoginPageTest"/>
  <testcase name="testForgetUserNamePasswordLink" time="0.169" classname="test.java.LoginPageTest"/>
  <testcase name="testLogin" time="18.678" classname="test.java.LoginPageTest"/>
  <testcase name="testclickSearchAndBrowseLibraryLink" time="4.606" classname="test.java.LoginPageTest"/>
</testsuite> <!-- test.java.LoginPageTest -->
