<?xml version="1.0" encoding="UTF-8"?>
<!-- Generated by org.testng.reporters.JUnitReportReporter -->
<testsuite hostname="DS-38607723D16D" name="test.java.LoginPageTest" tests="4" failures="0" timestamp="4 Aug 2015 10:51:17 GMT" time="93.564" errors="0">
  <testcase name="testclickSearchAndBrowseLibraryLink" time="21.749" classname="test.java.LoginPageTest"/>
  <testcase name="testForgetUserNamePasswordLink" time="0.258" classname="test.java.LoginPageTest"/>
  <testcase name="testverifyUIOfLoginPage" time="6.031" classname="test.java.LoginPageTest"/>
  <testcase name="testLogin" time="65.526" classname="test.java.LoginPageTest"/>
</testsuite> <!-- test.java.LoginPageTest -->
