<?xml version="1.0" encoding="UTF-8"?>
<!-- Generated by org.testng.reporters.JUnitReportReporter -->
<testsuite hostname="DS-38607723D16D" name="test.java.CompleteLibraryTest" tests="10" failures="0" timestamp="20 Aug 2015 10:03:34 GMT" time="59.003" errors="0">
  <testcase name="testSearchByContents" time="3.317" classname="test.java.CompleteLibraryTest"/>
  <testcase name="testSearchByContents" time="14.434" classname="test.java.CompleteLibraryTest"/>
  <testcase name="testSearchMyNotes" time="6.214" classname="test.java.CompleteLibraryTest"/>
  <testcase name="testSearchByContents" time="3.120" classname="test.java.CompleteLibraryTest"/>
  <testcase name="testSearchByeText" time="2.071" classname="test.java.CompleteLibraryTest"/>
  <testcase name="testSearchByeText" time="2.953" classname="test.java.CompleteLibraryTest"/>
  <testcase name="testSearchByeText" time="2.872" classname="test.java.CompleteLibraryTest"/>
  <testcase name="testSearchMyNotes" time="7.879" classname="test.java.CompleteLibraryTest"/>
  <testcase name="testVerifyUIOfCompleteLibraryPage" time="4.345" classname="test.java.CompleteLibraryTest"/>
  <testcase name="testSearchMyNotes" time="11.798" classname="test.java.CompleteLibraryTest"/>
</testsuite> <!-- test.java.CompleteLibraryTest -->
