<?xml version="1.0" encoding="UTF-8"?>
<!-- Generated by org.testng.reporters.JUnitReportReporter -->
<testsuite hostname="DS-38607723D16D" name="test.java.SignOutTest" tests="1" failures="0" timestamp="5 Aug 2015 08:50:09 GMT" time="1.924" errors="0">
  <testcase name="testSignOut" time="1.924" classname="test.java.SignOutTest"/>
</testsuite> <!-- test.java.SignOutTest -->
