<?xml version="1.0" encoding="UTF-8"?>
<!-- Generated by org.testng.reporters.JUnitReportReporter -->
<testsuite hostname="DS-38607723D16D" name="test.java.SignOutTest" tests="1" failures="0" timestamp="3 Aug 2015 11:53:41 GMT" time="1.899" errors="0">
  <testcase name="testSignOut" time="1.899" classname="test.java.SignOutTest"/>
</testsuite> <!-- test.java.SignOutTest -->
