<?xml version="1.0" encoding="UTF-8"?>
<!-- Generated by org.testng.reporters.JUnitReportReporter -->
<testsuite hostname="DS-38607723D16D" name="test.java.SavedSearchesTest" tests="7" failures="0" timestamp="5 Aug 2015 08:50:09 GMT" time="30.358" errors="0">
  <testcase name="testDeleteSavedeTextSearchTerm" time="6.874" classname="test.java.SavedSearchesTest"/>
  <testcase name="testClickOnSavedContentSearchTerm" time="2.830" classname="test.java.SavedSearchesTest"/>
  <testcase name="testNavigateToSavedSearchesPage" time="1.206" classname="test.java.SavedSearchesTest"/>
  <testcase name="testClickOnSavedeTextSearchTerm" time="2.911" classname="test.java.SavedSearchesTest"/>
  <testcase name="testDeleteSavedNoteSearchTerm" time="6.964" classname="test.java.SavedSearchesTest"/>
  <testcase name="testClickOnSavedNoteSearchTerm" time="2.108" classname="test.java.SavedSearchesTest"/>
  <testcase name="testDeleteSavedContentSearchTerm" time="7.465" classname="test.java.SavedSearchesTest"/>
</testsuite> <!-- test.java.SavedSearchesTest -->
