<?xml version="1.0" encoding="UTF-8"?>
<!-- Generated by org.testng.reporters.JUnitReportReporter -->
<testsuite hostname="DS-38607723D16D" name="test.java.SearchAndBrowseLibraryTest" tests="6" failures="0" timestamp="3 Aug 2015 08:18:29 GMT" time="10.753" errors="0">
  <testcase name="testVerifyUIOfMoreInfoPopUpUnknownUser" time="3.101" classname="test.java.SearchAndBrowseLibraryTest"/>
  <testcase name="testVerifyOptionsInDropdown" time="0.270" classname="test.java.SearchAndBrowseLibraryTest"/>
  <testcase name="testLaunchChapterPreview" time="4.307" classname="test.java.SearchAndBrowseLibraryTest"/>
  <testcase name="testVerifyUIOfChapterPreview" time="0.564" classname="test.java.SearchAndBrowseLibraryTest"/>
  <testcase name="testVerifyBooksPresentInAlleTextStack" time="2.202" classname="test.java.SearchAndBrowseLibraryTest"/>
  <testcase name="testVerifyOptionsInPreviewChapterDropdown" time="0.309" classname="test.java.SearchAndBrowseLibraryTest"/>
</testsuite> <!-- test.java.SearchAndBrowseLibraryTest -->
