<?xml version="1.0" encoding="UTF-8"?>
<!-- Generated by org.testng.reporters.JUnitReportReporter -->
<testsuite hostname="DS-38607723D16D" name="test.java.SearchResultsTest" tests="3" failures="0" timestamp="4 Aug 2015 11:38:34 GMT" time="6.727" errors="0">
  <testcase name="testverifyAlleTextStack" time="0.110" classname="test.java.SearchResultsTest"/>
  <testcase name="testverifyAlleTextPagesStack" time="2.142" classname="test.java.SearchResultsTest"/>
  <testcase name="testverifyAlleTextNotesStack" time="4.475" classname="test.java.SearchResultsTest"/>
</testsuite> <!-- test.java.SearchResultsTest -->
