<?xml version="1.0" encoding="UTF-8"?>
<!-- Generated by org.testng.reporters.JUnitReportReporter -->
<testsuite hostname="DS-38607723D16D" name="test.java.SearchResultsTest" tests="3" failures="0" timestamp="20 Aug 2015 10:03:34 GMT" time="0.337" errors="0">
  <testcase name="testverifyAlleTextNotesStack" time="0.124" classname="test.java.SearchResultsTest"/>
  <testcase name="testverifyAlleTextStack" time="0.104" classname="test.java.SearchResultsTest"/>
  <testcase name="testverifyAlleTextPagesStack" time="0.109" classname="test.java.SearchResultsTest"/>
</testsuite> <!-- test.java.SearchResultsTest -->
