<?xml version="1.0" encoding="UTF-8"?>
<!-- Generated by org.testng.reporters.JUnitReportReporter -->
<testsuite hostname="DS-38607723D16D" name="test.java.LoginPageTest" tests="4" failures="0" timestamp="4 Aug 2015 12:35:17 GMT" time="37.607" errors="0">
  <testcase name="testverifyUIOfLoginPage" time="5.885" classname="test.java.LoginPageTest"/>
  <testcase name="testLogin" time="24.371" classname="test.java.LoginPageTest"/>
  <testcase name="testclickSearchAndBrowseLibraryLink" time="6.224" classname="test.java.LoginPageTest"/>
  <testcase name="testForgetUserNamePasswordLink" time="1.127" classname="test.java.LoginPageTest"/>
</testsuite> <!-- test.java.LoginPageTest -->
