<?xml version="1.0" encoding="UTF-8"?>
<!-- Generated by org.testng.reporters.JUnitReportReporter -->
<testsuite hostname="DS-38607723D16D" name="test.java.CompleteLibraryTest" tests="10" failures="0" timestamp="4 Aug 2015 12:20:26 GMT" time="43.806" errors="0">
  <testcase name="testVerifyUIOfCompleteLibraryPage" time="0.335" classname="test.java.CompleteLibraryTest"/>
  <testcase name="testSearchByContents" time="3.229" classname="test.java.CompleteLibraryTest"/>
  <testcase name="testSearchMyNotes" time="4.882" classname="test.java.CompleteLibraryTest"/>
  <testcase name="testSearchByeText" time="4.167" classname="test.java.CompleteLibraryTest"/>
  <testcase name="testSearchMyNotes" time="8.857" classname="test.java.CompleteLibraryTest"/>
  <testcase name="testSearchByContents" time="6.963" classname="test.java.CompleteLibraryTest"/>
  <testcase name="testSearchByContents" time="3.088" classname="test.java.CompleteLibraryTest"/>
  <testcase name="testSearchByeText" time="4.097" classname="test.java.CompleteLibraryTest"/>
  <testcase name="testSearchByeText" time="3.783" classname="test.java.CompleteLibraryTest"/>
  <testcase name="testSearchMyNotes" time="4.405" classname="test.java.CompleteLibraryTest"/>
</testsuite> <!-- test.java.CompleteLibraryTest -->
