<?xml version="1.0" encoding="UTF-8"?>
<!-- Generated by org.testng.reporters.JUnitReportReporter -->
<testsuite hostname="DS-38607723D16D" name="test.java.SearchResultsTest" tests="3" failures="0" timestamp="5 Aug 2015 08:50:09 GMT" time="1.064" errors="0">
  <testcase name="testverifyAlleTextPagesStack" time="0.355" classname="test.java.SearchResultsTest"/>
  <testcase name="testverifyAlleTextStack" time="0.196" classname="test.java.SearchResultsTest"/>
  <testcase name="testverifyAlleTextNotesStack" time="0.513" classname="test.java.SearchResultsTest"/>
</testsuite> <!-- test.java.SearchResultsTest -->
