<?xml version="1.0" encoding="UTF-8"?>
<!-- Generated by org.testng.reporters.JUnitReportReporter -->
<testsuite hostname="DS-38607723D16D" name="test.java.SearchResultsTest" tests="3" failures="0" timestamp="3 Aug 2015 11:53:41 GMT" time="2.147" errors="0">
  <testcase name="testverifyAlleTextNotesStack" time="1.412" classname="test.java.SearchResultsTest"/>
  <testcase name="testverifyAlleTextPagesStack" time="0.547" classname="test.java.SearchResultsTest"/>
  <testcase name="testverifyAlleTextStack" time="0.188" classname="test.java.SearchResultsTest"/>
</testsuite> <!-- test.java.SearchResultsTest -->
