<?xml version="1.0" encoding="UTF-8"?>
<!-- Generated by org.testng.reporters.JUnitReportReporter -->
<testsuite hostname="DS-38607723D16D" name="test.java.CompleteLibraryTest" tests="10" failures="0" timestamp="5 Aug 2015 08:50:09 GMT" time="35.658" errors="0">
  <testcase name="testSearchByeText" time="2.654" classname="test.java.CompleteLibraryTest"/>
  <testcase name="testSearchByContents" time="3.655" classname="test.java.CompleteLibraryTest"/>
  <testcase name="testSearchMyNotes" time="3.555" classname="test.java.CompleteLibraryTest"/>
  <testcase name="testVerifyUIOfCompleteLibraryPage" time="0.331" classname="test.java.CompleteLibraryTest"/>
  <testcase name="testSearchByeText" time="2.197" classname="test.java.CompleteLibraryTest"/>
  <testcase name="testSearchByeText" time="2.355" classname="test.java.CompleteLibraryTest"/>
  <testcase name="testSearchByContents" time="8.149" classname="test.java.CompleteLibraryTest"/>
  <testcase name="testSearchByContents" time="3.270" classname="test.java.CompleteLibraryTest"/>
  <testcase name="testSearchMyNotes" time="4.930" classname="test.java.CompleteLibraryTest"/>
  <testcase name="testSearchMyNotes" time="4.562" classname="test.java.CompleteLibraryTest"/>
</testsuite> <!-- test.java.CompleteLibraryTest -->
