<?xml version="1.0" encoding="UTF-8"?>
<!-- Generated by org.testng.reporters.JUnitReportReporter -->
<testsuite hostname="DS-38607723D16D" name="test.java.CompleteLibraryTest" tests="10" failures="0" timestamp="3 Aug 2015 08:10:14 GMT" time="49.996" errors="0">
  <testcase name="testSearchByeText" time="4.841" classname="test.java.CompleteLibraryTest"/>
  <testcase name="testSearchMyNotes" time="5.253" classname="test.java.CompleteLibraryTest"/>
  <testcase name="testSearchByeText" time="4.958" classname="test.java.CompleteLibraryTest"/>
  <testcase name="testSearchByContents" time="6.658" classname="test.java.CompleteLibraryTest"/>
  <testcase name="testSearchByContents" time="4.073" classname="test.java.CompleteLibraryTest"/>
  <testcase name="testSearchByContents" time="9.337" classname="test.java.CompleteLibraryTest"/>
  <testcase name="testVerifyUIOfCompleteLibraryPage" time="0.915" classname="test.java.CompleteLibraryTest"/>
  <testcase name="testSearchMyNotes" time="4.892" classname="test.java.CompleteLibraryTest"/>
  <testcase name="testSearchMyNotes" time="4.612" classname="test.java.CompleteLibraryTest"/>
  <testcase name="testSearchByeText" time="4.457" classname="test.java.CompleteLibraryTest"/>
</testsuite> <!-- test.java.CompleteLibraryTest -->
