<?xml version="1.0" encoding="UTF-8"?>
<!-- Generated by org.testng.reporters.JUnitReportReporter -->
<testsuite hostname="DS-38607723D16D" name="test.java.SignOutTest" tests="1" failures="0" timestamp="3 Aug 2015 08:18:29 GMT" time="0.199" errors="0">
  <testcase name="testSignOut" time="0.199" classname="test.java.SignOutTest"/>
</testsuite> <!-- test.java.SignOutTest -->
