<?xml version="1.0" encoding="UTF-8"?>
<!-- Generated by org.testng.reporters.JUnitReportReporter -->
<testsuite hostname="DS-38607723D16D" name="test.java.LoginPageTest" tests="4" failures="0" timestamp="4 Aug 2015 12:27:07 GMT" time="51.406" errors="0">
  <testcase name="testclickSearchAndBrowseLibraryLink" time="20.293" classname="test.java.LoginPageTest"/>
  <testcase name="testverifyUIOfLoginPage" time="6.335" classname="test.java.LoginPageTest"/>
  <testcase name="testLogin" time="23.586" classname="test.java.LoginPageTest"/>
  <testcase name="testForgetUserNamePasswordLink" time="1.192" classname="test.java.LoginPageTest"/>
</testsuite> <!-- test.java.LoginPageTest -->
