<?xml version="1.0" encoding="UTF-8"?>
<!-- Generated by org.testng.reporters.JUnitReportReporter -->
<testsuite hostname="DS-38607723D16D" name="test.java.SignOutTest" tests="1" failures="0" timestamp="5 Aug 2015 11:18:21 GMT" time="3.615" errors="0">
  <testcase name="testSignOut" time="3.615" classname="test.java.SignOutTest"/>
</testsuite> <!-- test.java.SignOutTest -->
