<?xml version="1.0" encoding="UTF-8"?>
<!-- Generated by org.testng.reporters.JUnitReportReporter -->
<testsuite hostname="DS-38607723D16D" name="test.java.SearchResultsTest" tests="3" failures="0" timestamp="4 Aug 2015 12:20:26 GMT" time="1.804" errors="0">
  <testcase name="testverifyAlleTextPagesStack" time="0.486" classname="test.java.SearchResultsTest"/>
  <testcase name="testverifyAlleTextNotesStack" time="1.107" classname="test.java.SearchResultsTest"/>
  <testcase name="testverifyAlleTextStack" time="0.211" classname="test.java.SearchResultsTest"/>
</testsuite> <!-- test.java.SearchResultsTest -->
