<?xml version="1.0" encoding="UTF-8"?>
<!-- Generated by org.testng.reporters.JUnitReportReporter -->
<testsuite hostname="DS-38607723D16D" name="test.java.CompleteLibraryTest" tests="10" failures="0" timestamp="3 Aug 2015 11:53:41 GMT" time="43.691" errors="0">
  <testcase name="testSearchMyNotes" time="3.773" classname="test.java.CompleteLibraryTest"/>
  <testcase name="testSearchByeText" time="3.644" classname="test.java.CompleteLibraryTest"/>
  <testcase name="testSearchByContents" time="3.119" classname="test.java.CompleteLibraryTest"/>
  <testcase name="testSearchByContents" time="7.713" classname="test.java.CompleteLibraryTest"/>
  <testcase name="testSearchByContents" time="2.878" classname="test.java.CompleteLibraryTest"/>
  <testcase name="testSearchMyNotes" time="8.032" classname="test.java.CompleteLibraryTest"/>
  <testcase name="testVerifyUIOfCompleteLibraryPage" time="0.325" classname="test.java.CompleteLibraryTest"/>
  <testcase name="testSearchByeText" time="4.353" classname="test.java.CompleteLibraryTest"/>
  <testcase name="testSearchMyNotes" time="5.583" classname="test.java.CompleteLibraryTest"/>
  <testcase name="testSearchByeText" time="4.271" classname="test.java.CompleteLibraryTest"/>
</testsuite> <!-- test.java.CompleteLibraryTest -->
