<?xml version="1.0" encoding="UTF-8"?>
<!-- Generated by org.testng.reporters.JUnitReportReporter -->
<testsuite hostname="DS-38607723D16D" name="test.java.SearchAndBrowseLibraryTest" tests="6" failures="0" timestamp="4 Aug 2015 10:51:17 GMT" time="84.224" errors="0">
  <testcase name="testVerifyOptionsInDropdown" time="0.293" classname="test.java.SearchAndBrowseLibraryTest"/>
  <testcase name="testVerifyUIOfMoreInfoPopUpUnknownUser" time="75.236" classname="test.java.SearchAndBrowseLibraryTest"/>
  <testcase name="testVerifyBooksPresentInAlleTextStack" time="2.937" classname="test.java.SearchAndBrowseLibraryTest"/>
  <testcase name="testVerifyOptionsInPreviewChapterDropdown" time="0.408" classname="test.java.SearchAndBrowseLibraryTest"/>
  <testcase name="testVerifyUIOfChapterPreview" time="0.339" classname="test.java.SearchAndBrowseLibraryTest"/>
  <testcase name="testLaunchChapterPreview" time="5.011" classname="test.java.SearchAndBrowseLibraryTest"/>
</testsuite> <!-- test.java.SearchAndBrowseLibraryTest -->
