<?xml version="1.0" encoding="UTF-8"?>
<!-- Generated by org.testng.reporters.JUnitReportReporter -->
<testsuite hostname="DS-38607723D16D" name="test.java.SearchResultsTest" tests="3" failures="0" timestamp="3 Aug 2015 08:10:14 GMT" time="1.958" errors="0">
  <testcase name="testverifyAlleTextStack" time="0.277" classname="test.java.SearchResultsTest"/>
  <testcase name="testverifyAlleTextPagesStack" time="0.877" classname="test.java.SearchResultsTest"/>
  <testcase name="testverifyAlleTextNotesStack" time="0.804" classname="test.java.SearchResultsTest"/>
</testsuite> <!-- test.java.SearchResultsTest -->
