<?xml version="1.0" encoding="UTF-8"?>
<!-- Generated by org.testng.reporters.JUnitReportReporter -->
<testsuite hostname="DS-38607723D16D" name="test.java.SearchAndBrowseLibraryTest" tests="6" failures="0" timestamp="31 Jul 2015 06:40:52 GMT" time="11.699" errors="0">
  <testcase name="testVerifyOptionsInPreviewChapterDropdown" time="0.164" classname="test.java.SearchAndBrowseLibraryTest"/>
  <testcase name="testLaunchChapterPreview" time="4.710" classname="test.java.SearchAndBrowseLibraryTest"/>
  <testcase name="testVerifyUIOfChapterPreview" time="0.305" classname="test.java.SearchAndBrowseLibraryTest"/>
  <testcase name="testVerifyBooksPresentInAlleTextStack" time="4.295" classname="test.java.SearchAndBrowseLibraryTest"/>
  <testcase name="testVerifyOptionsInDropdown" time="0.154" classname="test.java.SearchAndBrowseLibraryTest"/>
  <testcase name="testVerifyUIOfMoreInfoPopUpUnknownUser" time="2.071" classname="test.java.SearchAndBrowseLibraryTest"/>
</testsuite> <!-- test.java.SearchAndBrowseLibraryTest -->
