<?xml version="1.0" encoding="UTF-8"?>
<!-- Generated by org.testng.reporters.JUnitReportReporter -->
<testsuite hostname="DS-38607723D16D" name="test.java.CompleteLibraryTest" tests="10" failures="0" timestamp="5 Aug 2015 11:18:21 GMT" time="72.138" errors="0">
  <testcase name="testSearchByContents" time="7.466" classname="test.java.CompleteLibraryTest"/>
  <testcase name="testSearchByContents" time="7.050" classname="test.java.CompleteLibraryTest"/>
  <testcase name="testSearchMyNotes" time="8.139" classname="test.java.CompleteLibraryTest"/>
  <testcase name="testSearchMyNotes" time="7.864" classname="test.java.CompleteLibraryTest"/>
  <testcase name="testSearchMyNotes" time="8.886" classname="test.java.CompleteLibraryTest"/>
  <testcase name="testSearchByContents" time="8.033" classname="test.java.CompleteLibraryTest"/>
  <testcase name="testSearchByeText" time="6.861" classname="test.java.CompleteLibraryTest"/>
  <testcase name="testVerifyUIOfCompleteLibraryPage" time="1.191" classname="test.java.CompleteLibraryTest"/>
  <testcase name="testSearchByeText" time="6.778" classname="test.java.CompleteLibraryTest"/>
  <testcase name="testSearchByeText" time="9.870" classname="test.java.CompleteLibraryTest"/>
</testsuite> <!-- test.java.CompleteLibraryTest -->
