<?xml version="1.0" encoding="UTF-8"?>
<!-- Generated by org.testng.reporters.JUnitReportReporter -->
<testsuite hostname="DS-38607723D16D" name="test.java.SearchAndBrowseLibraryTest" tests="6" failures="0" timestamp="31 Jul 2015 11:24:27 GMT" time="11.397" errors="0">
  <testcase name="testVerifyBooksPresentInAlleTextStack" time="3.046" classname="test.java.SearchAndBrowseLibraryTest"/>
  <testcase name="testVerifyUIOfMoreInfoPopUpUnknownUser" time="3.982" classname="test.java.SearchAndBrowseLibraryTest"/>
  <testcase name="testLaunchChapterPreview" time="3.691" classname="test.java.SearchAndBrowseLibraryTest"/>
  <testcase name="testVerifyUIOfChapterPreview" time="0.328" classname="test.java.SearchAndBrowseLibraryTest"/>
  <testcase name="testVerifyOptionsInDropdown" time="0.180" classname="test.java.SearchAndBrowseLibraryTest"/>
  <testcase name="testVerifyOptionsInPreviewChapterDropdown" time="0.170" classname="test.java.SearchAndBrowseLibraryTest"/>
</testsuite> <!-- test.java.SearchAndBrowseLibraryTest -->
