<?xml version="1.0" encoding="UTF-8"?>
<!-- Generated by org.testng.reporters.JUnitReportReporter -->
<testsuite hostname="DS-38607723D16D" name="test.java.SavedSearchesTest" tests="7" failures="0" timestamp="31 Jul 2015 11:04:17 GMT" time="27.996" errors="0">
  <testcase name="testClickOnSavedeTextSearchTerm" time="2.283" classname="test.java.SavedSearchesTest"/>
  <testcase name="testClickOnSavedNoteSearchTerm" time="0.786" classname="test.java.SavedSearchesTest"/>
  <testcase name="testNavigateToSavedSearchesPage" time="0.677" classname="test.java.SavedSearchesTest"/>
  <testcase name="testDeleteSavedContentSearchTerm" time="7.140" classname="test.java.SavedSearchesTest"/>
  <testcase name="testDeleteSavedNoteSearchTerm" time="6.865" classname="test.java.SavedSearchesTest"/>
  <testcase name="testDeleteSavedeTextSearchTerm" time="7.396" classname="test.java.SavedSearchesTest"/>
  <testcase name="testClickOnSavedContentSearchTerm" time="2.849" classname="test.java.SavedSearchesTest"/>
</testsuite> <!-- test.java.SavedSearchesTest -->
