<?xml version="1.0" encoding="UTF-8"?>
<!-- Generated by org.testng.reporters.JUnitReportReporter -->
<testsuite hostname="DS-38607723D16D" name="test.java.SearchResultsTest" tests="3" failures="0" timestamp="31 Jul 2015 06:40:52 GMT" time="2.806" errors="0">
  <testcase name="testverifyAlleTextStack" time="0.203" classname="test.java.SearchResultsTest"/>
  <testcase name="testverifyAlleTextNotesStack" time="0.485" classname="test.java.SearchResultsTest"/>
  <testcase name="testverifyAlleTextPagesStack" time="2.118" classname="test.java.SearchResultsTest"/>
</testsuite> <!-- test.java.SearchResultsTest -->
