<?xml version="1.0" encoding="UTF-8"?>
<!-- Generated by org.testng.reporters.JUnitReportReporter -->
<<<<<<< HEAD
<testsuite hostname="DS-38607723D16D" name="test.java.SearchResultsTest" tests="3" failures="0" timestamp="31 Jul 2015 07:16:09 GMT" time="2.052" errors="0">
  <testcase name="testverifyAlleTextNotesStack" time="1.253" classname="test.java.SearchResultsTest"/>
  <testcase name="testverifyAlleTextStack" time="0.184" classname="test.java.SearchResultsTest"/>
  <testcase name="testverifyAlleTextPagesStack" time="0.615" classname="test.java.SearchResultsTest"/>
=======
<testsuite hostname="DS-38607723D16D" name="test.java.SearchResultsTest" tests="3" failures="0" timestamp="31 Jul 2015 06:40:52 GMT" time="2.806" errors="0">
  <testcase name="testverifyAlleTextStack" time="0.203" classname="test.java.SearchResultsTest"/>
  <testcase name="testverifyAlleTextNotesStack" time="0.485" classname="test.java.SearchResultsTest"/>
  <testcase name="testverifyAlleTextPagesStack" time="2.118" classname="test.java.SearchResultsTest"/>
>>>>>>> origin/master
</testsuite> <!-- test.java.SearchResultsTest -->
