<?xml version="1.0" encoding="UTF-8"?>
<!-- Generated by org.testng.reporters.JUnitReportReporter -->
<testsuite hostname="DS-38607723D16D" name="test.java.SearchAndBrowseLibraryTest" tests="6" failures="0" timestamp="20 Aug 2015 10:03:34 GMT" time="4.344" errors="0">
  <testcase name="testLaunchChapterPreview" time="1.548" classname="test.java.SearchAndBrowseLibraryTest"/>
  <testcase name="testVerifyOptionsInPreviewChapterDropdown" time="0.152" classname="test.java.SearchAndBrowseLibraryTest"/>
  <testcase name="testVerifyBooksPresentInAlleTextStack" time="0.316" classname="test.java.SearchAndBrowseLibraryTest"/>
  <testcase name="testVerifyUIOfMoreInfoPopUpUnknownUser" time="1.838" classname="test.java.SearchAndBrowseLibraryTest"/>
  <testcase name="testVerifyUIOfChapterPreview" time="0.363" classname="test.java.SearchAndBrowseLibraryTest"/>
  <testcase name="testVerifyOptionsInDropdown" time="0.127" classname="test.java.SearchAndBrowseLibraryTest"/>
</testsuite> <!-- test.java.SearchAndBrowseLibraryTest -->
