<?xml version="1.0" encoding="UTF-8"?>
<!-- Generated by org.testng.reporters.JUnitReportReporter -->
<testsuite hostname="DS-38607723D16D" name="test.java.CompleteLibraryTest" tests="10" failures="0" timestamp="31 Jul 2015 11:24:27 GMT" time="46.257" errors="0">
  <testcase name="testSearchByContents" time="3.760" classname="test.java.CompleteLibraryTest"/>
  <testcase name="testSearchMyNotes" time="4.728" classname="test.java.CompleteLibraryTest"/>
  <testcase name="testSearchByContents" time="4.248" classname="test.java.CompleteLibraryTest"/>
  <testcase name="testSearchByeText" time="3.678" classname="test.java.CompleteLibraryTest"/>
  <testcase name="testSearchMyNotes" time="4.488" classname="test.java.CompleteLibraryTest"/>
  <testcase name="testSearchByeText" time="4.623" classname="test.java.CompleteLibraryTest"/>
  <testcase name="testVerifyUIOfCompleteLibraryPage" time="0.357" classname="test.java.CompleteLibraryTest"/>
  <testcase name="testSearchByeText" time="4.272" classname="test.java.CompleteLibraryTest"/>
  <testcase name="testSearchByContents" time="10.703" classname="test.java.CompleteLibraryTest"/>
  <testcase name="testSearchMyNotes" time="5.400" classname="test.java.CompleteLibraryTest"/>
</testsuite> <!-- test.java.CompleteLibraryTest -->
