<?xml version="1.0" encoding="UTF-8"?>
<!-- Generated by org.testng.reporters.JUnitReportReporter -->
<<<<<<< HEAD
<testsuite hostname="DS-38607723D16D" name="test.java.CompleteLibraryTest" tests="10" failures="1" timestamp="31 Jul 2015 07:16:09 GMT" time="32.749" errors="0">
  <testcase name="testSearchByeText" time="1.968" classname="test.java.CompleteLibraryTest"/>
  <testcase name="testSearchByeText" time="4.780" classname="test.java.CompleteLibraryTest"/>
  <testcase name="testSearchMyNotes" time="2.522" classname="test.java.CompleteLibraryTest">
=======
<testsuite hostname="DS-38607723D16D" name="test.java.CompleteLibraryTest" tests="10" failures="1" timestamp="31 Jul 2015 06:40:52 GMT" time="32.626" errors="0">
  <testcase name="testSearchByContents" time="3.831" classname="test.java.CompleteLibraryTest"/>
  <testcase name="testSearchMyNotes" time="3.591" classname="test.java.CompleteLibraryTest"/>
  <testcase name="testSearchByeText" time="6.004" classname="test.java.CompleteLibraryTest"/>
  <testcase name="testSearchByContents" time="2.840" classname="test.java.CompleteLibraryTest"/>
  <testcase name="testSearchByContents" time="5.551" classname="test.java.CompleteLibraryTest"/>
  <testcase name="testVerifyUIOfCompleteLibraryPage" time="0.327" classname="test.java.CompleteLibraryTest"/>
  <testcase name="testSearchByeText" time="2.513" classname="test.java.CompleteLibraryTest"/>
  <testcase name="testSearchMyNotes" time="2.195" classname="test.java.CompleteLibraryTest">
>>>>>>> origin/master
    <failure type="java.lang.AssertionError" message="expected [true] but found [false]">
      <![CDATA[java.lang.AssertionError: expected [true] but found [false]
	at org.testng.Assert.fail(Assert.java:94)
	at org.testng.Assert.failNotEquals(Assert.java:496)
	at org.testng.Assert.assertTrue(Assert.java:42)
	at org.testng.Assert.assertTrue(Assert.java:52)
	at test.java.CompleteLibraryTest.testSearchMyNotes(CompleteLibraryTest.java:106)
	at sun.reflect.NativeMethodAccessorImpl.invoke0(Native Method)
	at sun.reflect.NativeMethodAccessorImpl.invoke(NativeMethodAccessorImpl.java:62)
	at sun.reflect.DelegatingMethodAccessorImpl.invoke(DelegatingMethodAccessorImpl.java:43)
	at java.lang.reflect.Method.invoke(Method.java:497)
	at org.testng.internal.MethodInvocationHelper.invokeMethod(MethodInvocationHelper.java:85)
	at org.testng.internal.Invoker.invokeMethod(Invoker.java:659)
	at org.testng.internal.Invoker.invokeTestMethod(Invoker.java:845)
	at org.testng.internal.Invoker.invokeTestMethods(Invoker.java:1153)
	at org.testng.internal.TestMethodWorker.invokeTestMethods(TestMethodWorker.java:125)
	at org.testng.internal.TestMethodWorker.run(TestMethodWorker.java:108)
	at org.testng.TestRunner.privateRun(TestRunner.java:771)
	at org.testng.TestRunner.run(TestRunner.java:621)
	at org.testng.SuiteRunner.runTest(SuiteRunner.java:357)
	at org.testng.SuiteRunner.runSequentially(SuiteRunner.java:352)
	at org.testng.SuiteRunner.privateRun(SuiteRunner.java:310)
	at org.testng.SuiteRunner.run(SuiteRunner.java:259)
	at org.testng.SuiteRunnerWorker.runSuite(SuiteRunnerWorker.java:52)
	at org.testng.SuiteRunnerWorker.run(SuiteRunnerWorker.java:86)
	at org.testng.TestNG.runSuitesSequentially(TestNG.java:1199)
	at org.testng.TestNG.runSuitesLocally(TestNG.java:1124)
	at org.testng.TestNG.run(TestNG.java:1032)
	at org.apache.maven.surefire.testng.TestNGExecutor.run(TestNGExecutor.java:295)
	at org.apache.maven.surefire.testng.TestNGXmlTestSuite.execute(TestNGXmlTestSuite.java:84)
	at org.apache.maven.surefire.testng.TestNGProvider.invoke(TestNGProvider.java:90)
	at org.apache.maven.surefire.booter.ForkedBooter.invokeProviderInSameClassLoader(ForkedBooter.java:203)
	at org.apache.maven.surefire.booter.ForkedBooter.runSuitesInProcess(ForkedBooter.java:155)
	at org.apache.maven.surefire.booter.ForkedBooter.main(ForkedBooter.java:103)
]]>
    </failure>
  </testcase> <!-- testSearchMyNotes -->
<<<<<<< HEAD
  <testcase name="testSearchByContents" time="4.050" classname="test.java.CompleteLibraryTest"/>
  <testcase name="testVerifyUIOfCompleteLibraryPage" time="0.632" classname="test.java.CompleteLibraryTest"/>
  <testcase name="testSearchByeText" time="2.185" classname="test.java.CompleteLibraryTest"/>
  <testcase name="testSearchByContents" time="6.612" classname="test.java.CompleteLibraryTest"/>
  <testcase name="testSearchMyNotes" time="3.603" classname="test.java.CompleteLibraryTest"/>
  <testcase name="testSearchByContents" time="2.752" classname="test.java.CompleteLibraryTest"/>
  <testcase name="testSearchMyNotes" time="3.645" classname="test.java.CompleteLibraryTest"/>
=======
  <testcase name="testSearchMyNotes" time="3.803" classname="test.java.CompleteLibraryTest"/>
  <testcase name="testSearchByeText" time="1.971" classname="test.java.CompleteLibraryTest"/>
>>>>>>> origin/master
</testsuite> <!-- test.java.CompleteLibraryTest -->
