<?xml version="1.0" encoding="UTF-8"?>
<!-- Generated by org.testng.reporters.JUnitReportReporter -->
<testsuite hostname="DS-38607723D16D" name="test.java.LoginPageTest" tests="4" failures="0" timestamp="4 Aug 2015 12:20:26 GMT" time="23.770" errors="0">
  <testcase name="testverifyUIOfLoginPage" time="0.731" classname="test.java.LoginPageTest"/>
  <testcase name="testForgetUserNamePasswordLink" time="0.286" classname="test.java.LoginPageTest"/>
  <testcase name="testLogin" time="17.909" classname="test.java.LoginPageTest"/>
  <testcase name="testclickSearchAndBrowseLibraryLink" time="4.844" classname="test.java.LoginPageTest"/>
</testsuite> <!-- test.java.LoginPageTest -->
