<?xml version="1.0" encoding="UTF-8"?>
<!-- Generated by org.testng.reporters.JUnitReportReporter -->
<<<<<<< HEAD
<testsuite hostname="DS-38607723D16D" name="test.java.SignOutTest" tests="1" failures="0" timestamp="31 Jul 2015 07:16:09 GMT" time="1.990" errors="0">
  <testcase name="testSignOut" time="1.990" classname="test.java.SignOutTest"/>
=======
<testsuite hostname="DS-38607723D16D" name="test.java.SignOutTest" tests="1" failures="0" timestamp="31 Jul 2015 06:40:52 GMT" time="1.943" errors="0">
  <testcase name="testSignOut" time="1.943" classname="test.java.SignOutTest"/>
>>>>>>> origin/master
</testsuite> <!-- test.java.SignOutTest -->
